SF:lib/theme/helpers.dart
DA:5,3
DA:6,15
DA:8,6
DA:9,6
DA:10,6
DA:11,6
LF:6
LH:6
end_of_record
SF:lib/blocs/fusion_bloc/fusion_event.dart
DA:4,0
DA:6,0
DA:7,0
DA:12,0
DA:14,0
DA:15,0
DA:20,0
DA:22,0
DA:23,0
DA:27,0
DA:28,0
LF:11
LH:0
end_of_record
SF:lib/blocs/fusion_bloc/fusion_state.dart
DA:4,0
DA:6,0
DA:7,0
DA:15,0
DA:17,0
DA:18,0
DA:24,0
DA:26,0
DA:27,0
LF:9
LH:0
end_of_record
SF:lib/blocs/fusion_bloc/fusion_bloc.dart
DA:25,0
DA:26,0
DA:29,0
DA:30,0
DA:31,0
DA:32,0
DA:33,0
DA:35,0
DA:36,0
DA:38,0
DA:39,0
DA:40,0
DA:41,0
DA:42,0
DA:43,0
DA:44,0
DA:45,0
DA:46,0
DA:47,0
DA:48,0
DA:49,0
DA:52,0
DA:53,0
DA:54,0
DA:55,0
DA:56,0
DA:57,0
DA:59,0
DA:64,0
DA:67,0
DA:68,0
DA:69,0
DA:70,0
DA:72,0
DA:75,0
DA:76,0
DA:78,0
DA:79,0
DA:81,0
DA:83,0
DA:84,0
DA:85,0
DA:86,0
DA:90,0
DA:92,0
DA:94,0
DA:95,0
DA:96,0
DA:100,0
DA:103,0
DA:104,0
DA:106,0
DA:108,0
DA:114,0
DA:116,0
DA:117,0
LF:56
LH:0
end_of_record
SF:lib/data/fusion/fusion_socket.dart
DA:19,0
DA:20,0
DA:23,0
DA:24,0
DA:30,0
DA:31,0
DA:32,0
DA:36,0
DA:37,0
DA:38,0
DA:42,0
DA:43,0
DA:45,0
DA:47,0
DA:51,0
DA:52,0
DA:54,0
DA:56,0
DA:93,0
DA:94,0
DA:95,0
DA:101,0
DA:102,0
DA:103,0
DA:111,0
DA:112,0
DA:113,0
DA:114,0
DA:115,0
DA:116,0
DA:117,0
DA:118,0
DA:119,0
DA:120,0
DA:121,0
DA:122,0
LF:36
LH:0
end_of_record
SF:lib/data/models/shuttle_eta.dart
DA:8,1
DA:11,1
DA:12,1
DA:13,1
DA:14,1
DA:15,1
DA:16,2
DA:17,1
DA:20,0
DA:22,0
LF:10
LH:8
end_of_record
SF:lib/data/models/shuttle_update.dart
DA:42,2
DA:53,2
DA:55,0
DA:57,0
DA:58,0
DA:59,0
DA:62,2
DA:63,2
DA:64,2
DA:65,2
DA:66,4
DA:67,2
DA:68,4
DA:69,4
DA:70,2
DA:71,2
DA:72,2
DA:73,2
DA:77,0
DA:78,0
DA:79,0
DA:82,0
DA:83,0
DA:86,0
DA:87,0
DA:88,0
DA:89,0
DA:94,0
DA:99,0
DA:102,0
DA:103,0
LF:31
LH:14
end_of_record
SF:lib/blocs/on_tap_bloc/on_tap_state.dart
DA:4,0
DA:9,0
DA:10,0
DA:17,0
DA:19,0
DA:20,0
LF:6
LH:0
end_of_record
SF:lib/blocs/on_tap_bloc/on_tap_event.dart
DA:5,0
DA:11,0
DA:12,0
DA:14,0
DA:15,0
DA:19,0
DA:21,0
DA:23,0
DA:24,0
LF:9
LH:0
end_of_record
SF:lib/blocs/on_tap_bloc/on_tap_bloc.dart
DA:11,0
DA:14,0
DA:17,0
DA:18,0
DA:19,0
DA:20,0
LF:6
LH:0
end_of_record
SF:lib/data/models/shuttle_point.dart
DA:8,8
DA:10,3
DA:12,3
DA:13,3
DA:14,6
DA:17,0
DA:18,0
LF:7
LH:5
end_of_record
SF:lib/data/models/shuttle_route.dart
DA:52,3
DA:68,3
DA:69,3
DA:70,3
DA:71,6
DA:72,6
DA:73,3
DA:75,15
DA:76,9
DA:77,6
DA:78,3
DA:79,3
DA:80,3
DA:81,9
DA:82,3
DA:83,3
DA:84,3
DA:85,7
DA:86,3
DA:90,2
DA:91,2
DA:92,2
DA:93,2
DA:94,2
DA:95,2
DA:96,4
DA:97,2
DA:98,2
DA:99,2
DA:100,2
DA:101,2
DA:102,2
DA:103,2
DA:104,2
DA:107,2
DA:108,1
DA:109,1
DA:110,1
DA:113,2
DA:114,1
DA:115,1
DA:116,2
LF:42
LH:42
end_of_record
SF:lib/data/models/shuttle_schedule.dart
DA:20,3
DA:28,3
DA:29,3
DA:30,3
DA:31,3
DA:32,3
DA:33,3
DA:34,3
DA:35,3
LF:9
LH:9
end_of_record
SF:lib/data/models/shuttle_stop.dart
DA:30,3
DA:38,3
DA:40,3
DA:41,3
DA:42,3
DA:43,3
DA:44,3
DA:45,3
DA:46,3
DA:47,3
DA:48,3
DA:52,0
DA:53,0
DA:55,0
DA:64,0
DA:67,0
DA:68,0
DA:70,0
DA:71,0
DA:72,0
DA:76,0
DA:80,0
DA:82,0
LF:23
LH:11
end_of_record
SF:lib/widgets/stop.dart
DA:21,0
DA:33,0
DA:34,0
DA:36,0
DA:37,0
DA:38,0
DA:39,0
DA:42,0
DA:43,0
DA:45,0
DA:46,0
DA:47,0
DA:48,0
DA:51,0
DA:52,0
DA:53,0
DA:54,0
DA:55,0
DA:56,0
DA:57,0
DA:67,0
DA:68,0
DA:69,0
DA:70,0
DA:80,0
DA:82,0
DA:83,0
DA:84,0
DA:85,0
DA:86,0
DA:88,0
DA:89,0
DA:90,0
DA:91,0
DA:92,0
DA:94,0
DA:95,0
DA:100,0
DA:101,0
DA:102,0
DA:104,0
DA:105,0
DA:106,0
DA:107,0
LF:44
LH:0
end_of_record
SF:lib/widgets/shuttle.dart
DA:13,0
DA:21,0
DA:23,0
DA:24,0
DA:25,0
DA:26,0
LF:6
LH:0
end_of_record
SF:lib/widgets/shuttle_svg.dart
DA:7,1
DA:9,0
DA:10,0
DA:14,0
DA:15,0
DA:16,0
DA:17,0
DA:18,0
DA:42,0
DA:46,0
DA:48,0
DA:49,0
LF:12
LH:1
end_of_record
SF:lib/data/provider/shuttle_api_provider.dart
DA:15,2
DA:16,2
DA:19,6
DA:21,4
DA:22,2
DA:26,0
DA:32,2
DA:35,2
DA:36,4
DA:37,2
DA:40,4
DA:41,6
DA:42,2
DA:43,0
DA:48,2
DA:49,4
DA:52,4
DA:53,6
DA:54,2
DA:55,0
DA:60,1
DA:61,2
DA:65,2
DA:66,3
DA:67,1
DA:68,0
LF:26
LH:22
end_of_record
SF:lib/widgets/eta_panel.dart
DA:8,0
DA:50,0
DA:52,0
DA:53,0
DA:64,0
DA:66,0
DA:70,0
DA:72,0
DA:73,0
DA:74,0
DA:76,0
DA:80,0
DA:84,0
DA:85,0
DA:86,0
DA:87,0
DA:101,0
DA:102,0
DA:103,0
DA:104,0
DA:105,0
DA:107,0
DA:108,0
DA:109,0
DA:110,0
DA:115,0
DA:116,0
DA:117,0
DA:118,0
DA:119,0
DA:120,0
DA:126,0
DA:129,0
DA:130,0
DA:143,0
DA:144,0
DA:168,0
DA:169,0
DA:171,0
DA:175,0
LF:40
LH:0
end_of_record
SF:lib/data/repository/shuttle_repository.dart
DA:17,1
DA:18,2
DA:19,3
DA:20,0
DA:21,0
DA:22,0
DA:24,1
DA:25,3
DA:26,1
DA:28,2
DA:29,1
DA:30,1
DA:35,1
DA:36,2
DA:37,1
DA:38,1
DA:39,1
DA:40,1
DA:42,2
DA:43,2
DA:44,4
DA:45,2
DA:46,3
DA:47,2
DA:48,2
DA:49,3
DA:54,1
DA:65,1
LF:28
LH:25
end_of_record
